<?xml version="1.0" encoding="UTF-8"?>
<!-- Generated by org.testng.reporters.JUnitReportReporter -->
<testsuite hostname="Deepak-Kumar-LP" failures="0" tests="1" name="test.day2" time="0.006" errors="0" timestamp="2022-11-07T12:00:49 IST" skipped="0">
  <testcase classname="test.day2" name="ploan" time="0.006"/>
  <system-out/>
</testsuite> <!-- test.day2 -->
