<?xml version="1.0" encoding="UTF-8"?>
<!-- Generated by org.testng.reporters.JUnitReportReporter -->
<testsuite hostname="Deepak-Kumar-LP" failures="0" tests="6" name="test.day3" time="0.019" errors="0" timestamp="2022-11-07T12:00:49 IST" skipped="1">
  <testcase classname="test.day3" name="MobileSignoutCarLoan" time="0.002"/>
  <system-out/>
  <testcase classname="test.day3" name="WebloginCarLoan" time="0.004"/>
  <system-out/>
  <testcase classname="test.day3" name="MobileSignoutCarLoan" time="0.002"/>
  <system-out/>
  <testcase classname="test.day3" name="MobileLoginCarLoan" time="0.009"/>
  <system-out/>
  <testcase classname="test.day3" name="MobileSignoutCarLoan" time="0.002"/>
  <system-out/>
  <testcase classname="test.day3" name="MobilesigninCarLoan">
    <skipped/>
  </testcase> <!-- MobilesigninCarLoan -->
  <system-out/>
</testsuite> <!-- test.day3 -->
