<?xml version="1.0" encoding="UTF-8"?>
<!-- Generated by org.testng.reporters.JUnitReportReporter -->
<testsuite hostname="Deepak-Kumar-LP" failures="0" tests="3" name="test.day4" time="0.006" errors="0" timestamp="2022-11-07T12:00:49 IST" skipped="0">
  <testcase classname="test.day4" name="WebloginHomeLoan" time="0.002"/>
  <system-out/>
  <testcase classname="test.day4" name="LoginApiHomeLoan" time="0.001"/>
  <system-out/>
  <testcase classname="test.day4" name="MobileloginHomeLoan" time="0.003"/>
  <system-out/>
</testsuite> <!-- test.day4 -->
